<?xml version="1.0" encoding="UTF-8"?>
<!-- Generated by org.testng.reporters.JUnitReportReporter -->
<testsuite hostname="Chandrakant-Home-Laptop" failures="0" tests="1" name="MavenTest.MavenSubProject.ExtentReportTest" time="9.365" errors="0" timestamp="2021-04-14T10:12:56 CDT" skipped="0">
  <testcase classname="MavenTest.MavenSubProject.ExtentReportTest" name="driverinit" time="9.365"/>
  <system-out/>
</testsuite> <!-- MavenTest.MavenSubProject.ExtentReportTest -->
